2014-04-12 12:16:56 INFO  cafeLearn:38 -    _______________________________________________________________________
2014-04-12 12:16:56 INFO  cafeLearn:39 -    Running Test:AdminLogin(firefox) on driver: browser:firefox
2014-04-12 12:16:56 INFO  cafeLearn:46 -    Step: OpenBrowser 
Action:http://54.83.39.177/admin 
Xpath: 
Data:firefox
2014-04-12 12:16:56 INFO  cafeLearn:66 -    OpenBrowser:firefox
2014-04-12 12:16:56 INFO  cafeLearn:105 -    Browser: firefox
2014-04-12 12:17:04 INFO  cafeLearn:46 -    Step: SetUrl 
Action: 
Xpath:http://54.83.39.177/admin 
Data:
2014-04-12 12:17:04 INFO  cafeLearn:46 -    SetUrl:http://54.83.39.177/admin
2014-04-12 12:17:04 INFO  cafeLearn:91 -    Test Site:http://54.83.39.177/admin
2014-04-12 12:17:18 INFO  cafeLearn:46 -    Step: AdminLogin 
Action:Input 
Xpath:.//*[@id='admin_user_email'] 
Data:ram@sooryen.com
2014-04-12 12:17:18 INFO  cafeLearn:83 -    -----------------------------------------------------------
2014-04-12 12:17:18 INFO  cafeLearn:84 -    Action is        :inputData
2014-04-12 12:17:18 INFO  cafeLearn:85 -    Xpath is         :.//*[@id='admin_user_email']
2014-04-12 12:17:18 INFO  cafeLearn:86 -    Expected Data is :ram@sooryen.com
2014-04-12 12:17:18 INFO  cafeLearn:87 -    Actual data is   :
2014-04-12 12:17:18 INFO  cafeLearn:46 -    Step: AdminLogin 
Action:Input 
Xpath:.//*[@id='admin_user_password'] 
Data:cafe2014
2014-04-12 12:17:19 INFO  cafeLearn:83 -    -----------------------------------------------------------
2014-04-12 12:17:19 INFO  cafeLearn:84 -    Action is        :inputData
2014-04-12 12:17:19 INFO  cafeLearn:85 -    Xpath is         :.//*[@id='admin_user_password']
2014-04-12 12:17:19 INFO  cafeLearn:86 -    Expected Data is :cafe2014
2014-04-12 12:17:19 INFO  cafeLearn:87 -    Actual data is   :
2014-04-12 12:17:19 INFO  cafeLearn:46 -    Step: AdminLogin 
Action:Click 
Xpath:.//*[@id='admin_user_submit_action']/input 
Data:
2014-04-12 12:17:19 INFO  cafeLearn:378 -    Saranya:: .//*[@id='admin_user_submit_action']/input
2014-04-12 12:17:19 INFO  cafeLearn:379 -    Found the web element to click
2014-04-12 12:17:19 INFO  cafeLearn:46 -    Step: AdminLogin 
Action:Wait 
Xpath: 
Data:
2014-04-12 12:17:24 INFO  cafeLearn:46 -    Step: AdminLogin 
Action:VerifyTitle 
Xpath: 
Data:Dashboard | Cafelearn
2014-04-12 12:17:25 INFO  cafeLearn:411 -    verified Title: Dashboard | Cafelearn
2014-04-12 12:17:25 INFO  cafeLearn:55 -    Finished Running Test:AdminLogin(firefox)
2014-04-12 12:17:25 INFO  cafeLearn:56 -    _______________________________________________________________________
2014-04-12 12:17:25 INFO  cafeLearn:38 -    _______________________________________________________________________
2014-04-12 12:17:25 INFO  cafeLearn:39 -    Running Test:Admin_School(firefox) on driver: browser:firefox
2014-04-12 12:17:25 INFO  cafeLearn:46 -    Step: SetUrl 
Action: 
Xpath:http://54.83.39.177/admin 
Data:
2014-04-12 12:17:25 INFO  cafeLearn:46 -    SetUrl:http://54.83.39.177/admin
2014-04-12 12:17:25 INFO  cafeLearn:91 -    Test Site:http://54.83.39.177/admin
2014-04-12 12:17:27 INFO  cafeLearn:46 -    Step: Admin_Schools_Loading 
Action:Click 
Xpath:.//*[@id='schools']/a 
Data:
2014-04-12 12:17:27 INFO  cafeLearn:378 -    Saranya:: .//*[@id='schools']/a
2014-04-12 12:17:27 INFO  cafeLearn:379 -    Found the web element to click
2014-04-12 12:17:27 INFO  cafeLearn:46 -    Step: Admin_Schools_Loading 
Action:Wait 
Xpath: 
Data:
2014-04-12 12:17:32 INFO  cafeLearn:46 -    Step: Admin_Schools_Loading 
Action:VerifyTitle 
Xpath: 
Data:Schools | Cafelearn
2014-04-12 12:17:33 INFO  cafeLearn:411 -    verified Title: Schools | Cafelearn
2014-04-12 12:17:33 INFO  cafeLearn:46 -    Step: Admin_Schools_Loading 
Action:VerifyText 
Xpath:.//*[@id='page_title'] 
Data:Schools
2014-04-12 12:17:33 INFO  cafeLearn:394 -    Verified Text: Schools
2014-04-12 12:17:33 INFO  cafeLearn:83 -    -----------------------------------------------------------
2014-04-12 12:17:33 INFO  cafeLearn:84 -    Action is        :verifyText
2014-04-12 12:17:33 INFO  cafeLearn:85 -    Xpath is         :.//*[@id='page_title']
2014-04-12 12:17:33 INFO  cafeLearn:86 -    Expected Data is :Schools
2014-04-12 12:17:33 INFO  cafeLearn:87 -    Actual data is   :Schools
2014-04-12 12:17:33 INFO  cafeLearn:46 -    Step: Admin_Schools_Loading 
Action:Click 
Xpath:.//*[@id='titlebar_right']/div/span/a 
Data:
2014-04-12 12:17:33 INFO  cafeLearn:378 -    Saranya:: .//*[@id='titlebar_right']/div/span/a
2014-04-12 12:17:33 INFO  cafeLearn:379 -    Found the web element to click
2014-04-12 12:17:33 INFO  cafeLearn:46 -    Step: Admin_Schools_Loading 
Action:Wait 
Xpath: 
Data:
2014-04-12 12:17:38 INFO  cafeLearn:46 -    Step: Admin_Schools_Verifying 
Action:VerifyText 
Xpath:.//*[@id='page_title'] 
Data:New School
2014-04-12 12:17:38 INFO  cafeLearn:394 -    Verified Text: New School
2014-04-12 12:17:38 INFO  cafeLearn:83 -    -----------------------------------------------------------
2014-04-12 12:17:38 INFO  cafeLearn:84 -    Action is        :verifyText
2014-04-12 12:17:38 INFO  cafeLearn:85 -    Xpath is         :.//*[@id='page_title']
2014-04-12 12:17:38 INFO  cafeLearn:86 -    Expected Data is :New School
2014-04-12 12:17:38 INFO  cafeLearn:87 -    Actual data is   :New School
2014-04-12 12:17:38 INFO  cafeLearn:46 -    Step: Admin_Schools_Verifying 
Action:VerifyText 
Xpath:.//*[@id='school_name_input']/label 
Data:Name
2014-04-12 12:17:38 INFO  cafeLearn:394 -    Verified Text: Name
2014-04-12 12:17:38 INFO  cafeLearn:83 -    -----------------------------------------------------------
2014-04-12 12:17:38 INFO  cafeLearn:84 -    Action is        :verifyText
2014-04-12 12:17:38 INFO  cafeLearn:85 -    Xpath is         :.//*[@id='school_name_input']/label
2014-04-12 12:17:38 INFO  cafeLearn:86 -    Expected Data is :Name
2014-04-12 12:17:38 INFO  cafeLearn:87 -    Actual data is   :Name*
2014-04-12 12:17:38 INFO  cafeLearn:46 -    Step: Admin_Schools_Verifying 
Action:VerifyText 
Xpath:.//*[@id='school_url_input']/label 
Data:Url
2014-04-12 12:17:38 INFO  cafeLearn:394 -    Verified Text: Url
2014-04-12 12:17:38 INFO  cafeLearn:83 -    -----------------------------------------------------------
2014-04-12 12:17:38 INFO  cafeLearn:84 -    Action is        :verifyText
2014-04-12 12:17:38 INFO  cafeLearn:85 -    Xpath is         :.//*[@id='school_url_input']/label
2014-04-12 12:17:38 INFO  cafeLearn:86 -    Expected Data is :Url
2014-04-12 12:17:38 INFO  cafeLearn:87 -    Actual data is   :Url*
2014-04-12 12:17:38 INFO  cafeLearn:46 -    Step: Admin_Schools_Verifying 
Action:VerifyText 
Xpath:.//*[@id='school_sub_domain_input']/label 
Data:Sub domain
2014-04-12 12:17:38 INFO  cafeLearn:394 -    Verified Text: Sub domain
2014-04-12 12:17:38 INFO  cafeLearn:83 -    -----------------------------------------------------------
2014-04-12 12:17:38 INFO  cafeLearn:84 -    Action is        :verifyText
2014-04-12 12:17:38 INFO  cafeLearn:85 -    Xpath is         :.//*[@id='school_sub_domain_input']/label
2014-04-12 12:17:38 INFO  cafeLearn:86 -    Expected Data is :Sub domain
2014-04-12 12:17:38 INFO  cafeLearn:87 -    Actual data is   :Sub domain*
2014-04-12 12:17:38 INFO  cafeLearn:46 -    Step: Admin_Schools_Negative 
Action:Click 
Xpath:.//*[@id='school_submit_action']/input 
Data:
2014-04-12 12:17:38 INFO  cafeLearn:378 -    Saranya:: .//*[@id='school_submit_action']/input
2014-04-12 12:17:38 INFO  cafeLearn:379 -    Found the web element to click
2014-04-12 12:17:38 INFO  cafeLearn:46 -    Step: Admin_Schools_Negative 
Action:Wait 
Xpath: 
Data:
2014-04-12 12:17:41 INFO  cafeLearn:46 -    Step: Admin_Schools_Negative 
Action:VerifyText 
Xpath:.//*[@id='school_name_input']/p 
Data:Name can not be blank.
2014-04-12 12:17:41 INFO  cafeLearn:394 -    Verified Text: Name can not be blank.
2014-04-12 12:17:41 INFO  cafeLearn:83 -    -----------------------------------------------------------
2014-04-12 12:17:41 INFO  cafeLearn:84 -    Action is        :verifyText
2014-04-12 12:17:41 INFO  cafeLearn:85 -    Xpath is         :.//*[@id='school_name_input']/p
2014-04-12 12:17:41 INFO  cafeLearn:86 -    Expected Data is :Name can not be blank.
2014-04-12 12:17:41 INFO  cafeLearn:87 -    Actual data is   :Name can not be blank.
2014-04-12 12:17:41 INFO  cafeLearn:46 -    Step: Admin_Schools_Negative 
Action:VerifyText 
Xpath:.//*[@id='school_url_input']/p 
Data:Url can not be blank.
2014-04-12 12:17:41 INFO  cafeLearn:394 -    Verified Text: Url can not be blank.
2014-04-12 12:17:41 INFO  cafeLearn:83 -    -----------------------------------------------------------
2014-04-12 12:17:41 INFO  cafeLearn:84 -    Action is        :verifyText
2014-04-12 12:17:41 INFO  cafeLearn:85 -    Xpath is         :.//*[@id='school_url_input']/p
2014-04-12 12:17:41 INFO  cafeLearn:86 -    Expected Data is :Url can not be blank.
2014-04-12 12:17:41 INFO  cafeLearn:87 -    Actual data is   :Url can not be blank.
2014-04-12 12:17:41 INFO  cafeLearn:46 -    Step: Admin_Schools_Negative 
Action:VerifyText 
Xpath:.//*[@id='school_sub_domain_input']/p 
Data:Sub domain can not be blank.
2014-04-12 12:17:41 INFO  cafeLearn:394 -    Verified Text: Sub domain can not be blank.
2014-04-12 12:17:41 INFO  cafeLearn:83 -    -----------------------------------------------------------
2014-04-12 12:17:41 INFO  cafeLearn:84 -    Action is        :verifyText
2014-04-12 12:17:41 INFO  cafeLearn:85 -    Xpath is         :.//*[@id='school_sub_domain_input']/p
2014-04-12 12:17:41 INFO  cafeLearn:86 -    Expected Data is :Sub domain can not be blank.
2014-04-12 12:17:41 INFO  cafeLearn:87 -    Actual data is   :Sub domain can not be blank.
2014-04-12 12:17:41 INFO  cafeLearn:46 -    Step: Admin_Schools_Cancel 
Action:UniqueInput 
Xpath:.//*[@id='school_name'] 
Data:School
2014-04-12 12:17:41 INFO  cafeLearn:83 -    -----------------------------------------------------------
2014-04-12 12:17:41 INFO  cafeLearn:84 -    Action is        :inputData
2014-04-12 12:17:41 INFO  cafeLearn:85 -    Xpath is         :.//*[@id='school_name']
2014-04-12 12:17:41 INFO  cafeLearn:86 -    Expected Data is :120414121656School
2014-04-12 12:17:41 INFO  cafeLearn:87 -    Actual data is   :
2014-04-12 12:17:41 INFO  cafeLearn:46 -    Step: Admin_Schools_Cancel 
Action:Click 
Xpath:.//*[@id='new_school']/fieldset[2]/ol/li[2]/a 
Data:
2014-04-12 12:17:41 INFO  cafeLearn:378 -    Saranya:: .//*[@id='new_school']/fieldset[2]/ol/li[2]/a
2014-04-12 12:17:41 INFO  cafeLearn:379 -    Found the web element to click
2014-04-12 12:17:41 INFO  cafeLearn:46 -    Step: Admin_Schools_Cancel 
Action:Wait 
Xpath: 
Data:
2014-04-12 12:17:45 INFO  cafeLearn:46 -    Step: Admin_Schools_Cancel 
Action:VerifyText 
Xpath:.//*[@id='page_title'] 
Data:Schools
2014-04-12 12:17:45 INFO  cafeLearn:394 -    Verified Text: Schools
2014-04-12 12:17:45 INFO  cafeLearn:83 -    -----------------------------------------------------------
2014-04-12 12:17:45 INFO  cafeLearn:84 -    Action is        :verifyText
2014-04-12 12:17:45 INFO  cafeLearn:85 -    Xpath is         :.//*[@id='page_title']
2014-04-12 12:17:45 INFO  cafeLearn:86 -    Expected Data is :Schools
2014-04-12 12:17:45 INFO  cafeLearn:87 -    Actual data is   :Schools
2014-04-12 12:17:45 INFO  cafeLearn:46 -    Step: Admin_Schools_Creation 
Action:Click 
Xpath:.//*[@id='titlebar_right']/div/span/a 
Data:
2014-04-12 12:17:45 INFO  cafeLearn:378 -    Saranya:: .//*[@id='titlebar_right']/div/span/a
2014-04-12 12:17:45 INFO  cafeLearn:379 -    Found the web element to click
2014-04-12 12:17:45 INFO  cafeLearn:46 -    Step: Admin_Schools_Creation 
Action:Wait 
Xpath: 
Data:
2014-04-12 12:17:48 INFO  cafeLearn:46 -    Step: Admin_Schools_Creation 
Action:UniqueInput 
Xpath:.//*[@id='school_name'] 
Data:School
2014-04-12 12:17:48 INFO  cafeLearn:83 -    -----------------------------------------------------------
2014-04-12 12:17:48 INFO  cafeLearn:84 -    Action is        :inputData
2014-04-12 12:17:48 INFO  cafeLearn:85 -    Xpath is         :.//*[@id='school_name']
2014-04-12 12:17:48 INFO  cafeLearn:86 -    Expected Data is :120414121656School
2014-04-12 12:17:48 INFO  cafeLearn:87 -    Actual data is   :
2014-04-12 12:17:48 INFO  cafeLearn:46 -    Step: Admin_Schools_Creation 
Action:UniqueInput 
Xpath:.//*[@id='school_url'] 
Data:school.com
2014-04-12 12:17:48 INFO  cafeLearn:83 -    -----------------------------------------------------------
2014-04-12 12:17:48 INFO  cafeLearn:84 -    Action is        :inputData
2014-04-12 12:17:48 INFO  cafeLearn:85 -    Xpath is         :.//*[@id='school_url']
2014-04-12 12:17:48 INFO  cafeLearn:86 -    Expected Data is :120414121656school.com
2014-04-12 12:17:48 INFO  cafeLearn:87 -    Actual data is   :
2014-04-12 12:17:48 INFO  cafeLearn:46 -    Step: Admin_Schools_Creation 
Action:UniqueInput 
Xpath:.//*[@id='school_sub_domain'] 
Data:publicschool
2014-04-12 12:17:48 INFO  cafeLearn:83 -    -----------------------------------------------------------
2014-04-12 12:17:48 INFO  cafeLearn:84 -    Action is        :inputData
2014-04-12 12:17:48 INFO  cafeLearn:85 -    Xpath is         :.//*[@id='school_sub_domain']
2014-04-12 12:17:48 INFO  cafeLearn:86 -    Expected Data is :120414121656publicschool
2014-04-12 12:17:48 INFO  cafeLearn:87 -    Actual data is   :
2014-04-12 12:17:48 INFO  cafeLearn:46 -    Step: Admin_Schools_Creation 
Action:Click 
Xpath:.//*[@id='school_submit_action']/input 
Data:
2014-04-12 12:17:48 INFO  cafeLearn:378 -    Saranya:: .//*[@id='school_submit_action']/input
2014-04-12 12:17:48 INFO  cafeLearn:379 -    Found the web element to click
2014-04-12 12:17:48 INFO  cafeLearn:46 -    Step: Admin_Schools_Creation 
Action:Wait 
Xpath: 
Data:
2014-04-12 12:17:52 INFO  cafeLearn:46 -    Step: Admin_Schools_VerifyingCreatedUser_view 
Action:VerifyUniqueInput 
Xpath:.//*[@id='page_title'] 
Data:School
2014-04-12 12:17:52 INFO  cafeLearn:453 -    Verified Text: 120414121656School
2014-04-12 12:17:52 INFO  cafeLearn:83 -    -----------------------------------------------------------
2014-04-12 12:17:52 INFO  cafeLearn:84 -    Action is        :verifyUniqueInput
2014-04-12 12:17:52 INFO  cafeLearn:85 -    Xpath is         :.//*[@id='page_title']
2014-04-12 12:17:52 INFO  cafeLearn:86 -    Expected Data is :School
2014-04-12 12:17:52 INFO  cafeLearn:87 -    Actual data is   :120414121656School
2014-04-12 12:17:52 INFO  cafeLearn:46 -    Step: Admin_Schools_VerifyingCreatedUser_view 
Action:StoreValue 
Xpath: 
Data:
2014-04-12 12:17:52 INFO  cafeLearn:557 -    Value Stored:30
2014-04-12 12:17:52 INFO  cafeLearn:46 -    Step: Admin_Schools_Display 
Action:Click 
Xpath:.//*[@id='schools']/a 
Data:
2014-04-12 12:17:52 INFO  cafeLearn:378 -    Saranya:: .//*[@id='schools']/a
2014-04-12 12:17:52 INFO  cafeLearn:379 -    Found the web element to click
2014-04-12 12:17:52 INFO  cafeLearn:46 -    Step: Admin_Schools_Display 
Action:Wait 
Xpath: 
Data:
2014-04-12 12:17:56 INFO  cafeLearn:46 -    Step: Admin_Schools_Display 
Action:VerifyUniqueInput 
Xpath:.//*[@id='school_ 
Data:School
2014-04-12 12:17:56 INFO  cafeLearn:453 -    Verified Text: 120414121656School
2014-04-12 12:17:56 INFO  cafeLearn:83 -    -----------------------------------------------------------
2014-04-12 12:17:56 INFO  cafeLearn:84 -    Action is        :verifyUniqueInput
2014-04-12 12:17:56 INFO  cafeLearn:85 -    Xpath is         :.//*[@id='school_30']/td[3]
2014-04-12 12:17:56 INFO  cafeLearn:86 -    Expected Data is :School
2014-04-12 12:17:56 INFO  cafeLearn:87 -    Actual data is   :120414121656School
2014-04-12 12:17:56 INFO  cafeLearn:46 -    Step: Admin_Schools_Display 
Action:Click 
Xpath:.//*[@id='school_ 
Data:
2014-04-12 12:17:56 INFO  cafeLearn:378 -    Saranya:: .//*[@id='school_30']/td[2]/a
2014-04-12 12:17:56 INFO  cafeLearn:379 -    Found the web element to click
2014-04-12 12:17:56 INFO  cafeLearn:46 -    Step: Admin_Schools_Display 
Action:Wait 
Xpath: 
Data:
2014-04-12 12:17:59 INFO  cafeLearn:46 -    Step: Admin_Schools_Display 
Action:VerifyUniqueInput 
Xpath:.//*[@id='page_title'] 
Data:School
2014-04-12 12:17:59 INFO  cafeLearn:453 -    Verified Text: 120414121656School
2014-04-12 12:17:59 INFO  cafeLearn:83 -    -----------------------------------------------------------
2014-04-12 12:17:59 INFO  cafeLearn:84 -    Action is        :verifyUniqueInput
2014-04-12 12:17:59 INFO  cafeLearn:85 -    Xpath is         :.//*[@id='page_title']
2014-04-12 12:17:59 INFO  cafeLearn:86 -    Expected Data is :School
2014-04-12 12:17:59 INFO  cafeLearn:87 -    Actual data is   :120414121656School
2014-04-12 12:17:59 INFO  cafeLearn:46 -    Step: Admin_Schools_Display 
Action:Click 
Xpath:.//*[@id='schools']/a 
Data:
2014-04-12 12:17:59 INFO  cafeLearn:378 -    Saranya:: .//*[@id='schools']/a
2014-04-12 12:17:59 INFO  cafeLearn:379 -    Found the web element to click
2014-04-12 12:17:59 INFO  cafeLearn:46 -    Step: Admin_Schools_Display 
Action:Wait 
Xpath: 
Data:
2014-04-12 12:18:03 INFO  cafeLearn:46 -    Step: Admin_Schools_Display 
Action:VerifyText 
Xpath:.//*[@id='page_title'] 
Data:Schools
2014-04-12 12:18:03 INFO  cafeLearn:394 -    Verified Text: Schools
2014-04-12 12:18:03 INFO  cafeLearn:83 -    -----------------------------------------------------------
2014-04-12 12:18:03 INFO  cafeLearn:84 -    Action is        :verifyText
2014-04-12 12:18:03 INFO  cafeLearn:85 -    Xpath is         :.//*[@id='page_title']
2014-04-12 12:18:03 INFO  cafeLearn:86 -    Expected Data is :Schools
2014-04-12 12:18:03 INFO  cafeLearn:87 -    Actual data is   :Schools
2014-04-12 12:18:03 INFO  cafeLearn:46 -    Step: Admin_Schools_Display 
Action:Click 
Xpath:.//*[@id='school_ 
Data:
2014-04-12 12:18:03 INFO  cafeLearn:378 -    Saranya:: .//*[@id='school_30']/td[10]/a[1]
2014-04-12 12:18:03 INFO  cafeLearn:379 -    Found the web element to click
2014-04-12 12:18:03 INFO  cafeLearn:46 -    Step: Admin_Schools_Display 
Action:Wait 
Xpath: 
Data:
2014-04-12 12:18:06 INFO  cafeLearn:46 -    Step: Admin_Schools_Display 
Action:VerifyUniqueInput 
Xpath:.//*[@id='page_title'] 
Data:School
2014-04-12 12:18:06 INFO  cafeLearn:453 -    Verified Text: 120414121656School
2014-04-12 12:18:06 INFO  cafeLearn:83 -    -----------------------------------------------------------
2014-04-12 12:18:06 INFO  cafeLearn:84 -    Action is        :verifyUniqueInput
2014-04-12 12:18:06 INFO  cafeLearn:85 -    Xpath is         :.//*[@id='page_title']
2014-04-12 12:18:06 INFO  cafeLearn:86 -    Expected Data is :School
2014-04-12 12:18:06 INFO  cafeLearn:87 -    Actual data is   :120414121656School
2014-04-12 12:18:06 INFO  cafeLearn:46 -    Step: Admin_Schools_Edit_from_view_negative 
Action:Click 
Xpath:.//*[@id='titlebar_right']/div/span[1]/a 
Data:
2014-04-12 12:18:06 INFO  cafeLearn:378 -    Saranya:: .//*[@id='titlebar_right']/div/span[1]/a
2014-04-12 12:18:06 INFO  cafeLearn:379 -    Found the web element to click
2014-04-12 12:18:06 INFO  cafeLearn:46 -    Step: Admin_Schools_Edit_from_view_negative 
Action:Wait 
Xpath: 
Data:
2014-04-12 12:18:09 INFO  cafeLearn:46 -    Step: Admin_Schools_Edit_from_view_negative 
Action:Input 
Xpath:.//*[@id='school_name'] 
Data:
2014-04-12 12:18:09 INFO  cafeLearn:83 -    -----------------------------------------------------------
2014-04-12 12:18:09 INFO  cafeLearn:84 -    Action is        :inputData
2014-04-12 12:18:09 INFO  cafeLearn:85 -    Xpath is         :.//*[@id='school_name']
2014-04-12 12:18:09 INFO  cafeLearn:86 -    Expected Data is :
2014-04-12 12:18:09 INFO  cafeLearn:87 -    Actual data is   :
2014-04-12 12:18:09 INFO  cafeLearn:46 -    Step: Admin_Schools_Edit_from_view_negative 
Action:Input 
Xpath:.//*[@id='school_url'] 
Data:
2014-04-12 12:18:09 INFO  cafeLearn:83 -    -----------------------------------------------------------
2014-04-12 12:18:09 INFO  cafeLearn:84 -    Action is        :inputData
2014-04-12 12:18:09 INFO  cafeLearn:85 -    Xpath is         :.//*[@id='school_url']
2014-04-12 12:18:09 INFO  cafeLearn:86 -    Expected Data is :
2014-04-12 12:18:09 INFO  cafeLearn:87 -    Actual data is   :
2014-04-12 12:18:09 INFO  cafeLearn:46 -    Step: Admin_Schools_Edit_from_view_negative 
Action:Input 
Xpath:.//*[@id='school_sub_domain'] 
Data:
2014-04-12 12:18:09 INFO  cafeLearn:83 -    -----------------------------------------------------------
2014-04-12 12:18:09 INFO  cafeLearn:84 -    Action is        :inputData
2014-04-12 12:18:09 INFO  cafeLearn:85 -    Xpath is         :.//*[@id='school_sub_domain']
2014-04-12 12:18:09 INFO  cafeLearn:86 -    Expected Data is :
2014-04-12 12:18:09 INFO  cafeLearn:87 -    Actual data is   :
2014-04-12 12:18:09 INFO  cafeLearn:46 -    Step: Admin_Schools_Edit_from_view_negative 
Action:Click 
Xpath:.//*[@id='school_submit_action']/input 
Data:
2014-04-12 12:18:09 INFO  cafeLearn:378 -    Saranya:: .//*[@id='school_submit_action']/input
2014-04-12 12:18:09 INFO  cafeLearn:379 -    Found the web element to click
2014-04-12 12:18:09 INFO  cafeLearn:46 -    Step: Admin_Schools_Edit_from_view_negative 
Action:Wait 
Xpath: 
Data:
2014-04-12 12:18:14 INFO  cafeLearn:46 -    Step: Admin_Schools_Edit_from_view_negative 
Action:VerifyText 
Xpath:.//*[@id='school_name_input']/p 
Data:Name can not be blank.
2014-04-12 12:18:14 INFO  cafeLearn:394 -    Verified Text: Name can not be blank.
2014-04-12 12:18:14 INFO  cafeLearn:83 -    -----------------------------------------------------------
2014-04-12 12:18:14 INFO  cafeLearn:84 -    Action is        :verifyText
2014-04-12 12:18:14 INFO  cafeLearn:85 -    Xpath is         :.//*[@id='school_name_input']/p
2014-04-12 12:18:14 INFO  cafeLearn:86 -    Expected Data is :Name can not be blank.
2014-04-12 12:18:14 INFO  cafeLearn:87 -    Actual data is   :Name can not be blank.
2014-04-12 12:18:14 INFO  cafeLearn:46 -    Step: Admin_Schools_Edit_from_view_negative 
Action:VerifyText 
Xpath:.//*[@id='school_url_input']/p 
Data:Url can not be blank.
2014-04-12 12:18:14 INFO  cafeLearn:394 -    Verified Text: Url can not be blank.
2014-04-12 12:18:14 INFO  cafeLearn:83 -    -----------------------------------------------------------
2014-04-12 12:18:14 INFO  cafeLearn:84 -    Action is        :verifyText
2014-04-12 12:18:14 INFO  cafeLearn:85 -    Xpath is         :.//*[@id='school_url_input']/p
2014-04-12 12:18:14 INFO  cafeLearn:86 -    Expected Data is :Url can not be blank.
2014-04-12 12:18:14 INFO  cafeLearn:87 -    Actual data is   :Url can not be blank.
2014-04-12 12:18:14 INFO  cafeLearn:46 -    Step: Admin_Schools_Edit_from_view_negative 
Action:VerifyText 
Xpath:.//*[@id='school_sub_domain_input']/p 
Data:Sub domain can not be blank.
2014-04-12 12:18:14 INFO  cafeLearn:394 -    Verified Text: Sub domain can not be blank.
2014-04-12 12:18:14 INFO  cafeLearn:83 -    -----------------------------------------------------------
2014-04-12 12:18:14 INFO  cafeLearn:84 -    Action is        :verifyText
2014-04-12 12:18:14 INFO  cafeLearn:85 -    Xpath is         :.//*[@id='school_sub_domain_input']/p
2014-04-12 12:18:14 INFO  cafeLearn:86 -    Expected Data is :Sub domain can not be blank.
2014-04-12 12:18:14 INFO  cafeLearn:87 -    Actual data is   :Sub domain can not be blank.
2014-04-12 12:18:14 INFO  cafeLearn:46 -    Step: Admin_Schools_Edit_from_view_negative 
Action:Click 
Xpath:.//*[@id='edit_school']/fieldset[2]/ol/li[2]/a 
Data:
2014-04-12 12:18:14 INFO  cafeLearn:378 -    Saranya:: .//*[@id='edit_school']/fieldset[2]/ol/li[2]/a
2014-04-12 12:18:14 INFO  cafeLearn:379 -    Found the web element to click
2014-04-12 12:18:14 INFO  cafeLearn:46 -    Step: Admin_Schools_Edit_from_view_negative 
Action:Wait 
Xpath: 
Data:
2014-04-12 12:18:18 INFO  cafeLearn:46 -    Step: Admin_Schools_Edit_from_view_negative 
Action:VerifyText 
Xpath:.//*[@id='page_title'] 
Data:School
2014-04-12 12:18:18 INFO  cafeLearn:394 -    Verified Text: School
2014-04-12 12:18:18 INFO  cafeLearn:83 -    -----------------------------------------------------------
2014-04-12 12:18:18 INFO  cafeLearn:84 -    Action is        :verifyText
2014-04-12 12:18:18 INFO  cafeLearn:85 -    Xpath is         :.//*[@id='page_title']
2014-04-12 12:18:18 INFO  cafeLearn:86 -    Expected Data is :School
2014-04-12 12:18:18 INFO  cafeLearn:87 -    Actual data is   :Schools
2014-04-12 12:18:18 INFO  cafeLearn:46 -    Step: Admin_Schools_Edit_from_view_negative 
Action:VerifyUniqueInput 
Xpath:.//*[@id='school_ 
Data:School
2014-04-12 12:18:18 INFO  cafeLearn:453 -    Verified Text: 120414121656School
2014-04-12 12:18:18 INFO  cafeLearn:83 -    -----------------------------------------------------------
2014-04-12 12:18:18 INFO  cafeLearn:84 -    Action is        :verifyUniqueInput
2014-04-12 12:18:18 INFO  cafeLearn:85 -    Xpath is         :.//*[@id='school_30']/td[3]
2014-04-12 12:18:18 INFO  cafeLearn:86 -    Expected Data is :School
2014-04-12 12:18:18 INFO  cafeLearn:87 -    Actual data is   :120414121656School
2014-04-12 12:18:18 INFO  cafeLearn:46 -    Step: Admin_Schools_Edit_from_Display 
Action:Click 
Xpath:.//*[@id='school_ 
Data:
2014-04-12 12:18:18 INFO  cafeLearn:378 -    Saranya:: .//*[@id='school_30']/td[10]/a[2]
2014-04-12 12:18:18 INFO  cafeLearn:379 -    Found the web element to click
2014-04-12 12:18:18 INFO  cafeLearn:46 -    Step: Admin_Schools_Edit_from_Display 
Action:Wait 
Xpath: 
Data:
2014-04-12 12:18:21 INFO  cafeLearn:46 -    Step: Admin_Schools_Edit_from_Display 
Action:UniqueInput 
Xpath:.//*[@id='school_name'] 
Data: Public School
2014-04-12 12:18:21 INFO  cafeLearn:83 -    -----------------------------------------------------------
2014-04-12 12:18:21 INFO  cafeLearn:84 -    Action is        :inputData
2014-04-12 12:18:21 INFO  cafeLearn:85 -    Xpath is         :.//*[@id='school_name']
2014-04-12 12:18:21 INFO  cafeLearn:86 -    Expected Data is :120414121656 Public School
2014-04-12 12:18:21 INFO  cafeLearn:87 -    Actual data is   :
2014-04-12 12:18:21 INFO  cafeLearn:46 -    Step: Admin_Schools_Edit_from_Display 
Action:Click 
Xpath:.//*[@id='school_submit_action']/input 
Data:
2014-04-12 12:18:21 INFO  cafeLearn:378 -    Saranya:: .//*[@id='school_submit_action']/input
2014-04-12 12:18:21 INFO  cafeLearn:379 -    Found the web element to click
2014-04-12 12:18:21 INFO  cafeLearn:46 -    Step: Admin_Schools_Edit_from_Display 
Action:Wait 
Xpath: 
Data:
2014-04-12 12:48:21 ERROR cafeLearn:428 -    Error: (wait) 
com.thoughtworks.selenium.SeleniumException: ERROR: Command timed out
	at com.thoughtworks.selenium.HttpCommandProcessor.throwAssertionFailureExceptionOrError(HttpCommandProcessor.java:112)
	at com.thoughtworks.selenium.HttpCommandProcessor.doCommand(HttpCommandProcessor.java:106)
	at com.thoughtworks.selenium.DefaultSelenium.waitForPageToLoad(DefaultSelenium.java:678)
	at com.cafe.util.TestUtility.waitFor(TestUtility.java:424)
	at com.cafe.util.TestStep$9.call(TestStep.java:144)
	at com.cafe.util.TestStep$9.call(TestStep.java:1)
	at com.cafe.util.TestStep.doStep(TestStep.java:242)
	at com.cafe.util.TestCase.runTestCase(TestCase.java:49)
	at sun.reflect.NativeMethodAccessorImpl.invoke0(Native Method)
	at sun.reflect.NativeMethodAccessorImpl.invoke(NativeMethodAccessorImpl.java:57)
	at sun.reflect.DelegatingMethodAccessorImpl.invoke(DelegatingMethodAccessorImpl.java:43)
	at java.lang.reflect.Method.invoke(Method.java:606)
	at org.testng.internal.MethodInvocationHelper.invokeMethod(MethodInvocationHelper.java:80)
	at org.testng.internal.Invoker.invokeMethod(Invoker.java:714)
	at org.testng.internal.Invoker.invokeTestMethod(Invoker.java:901)
	at org.testng.internal.Invoker.invokeTestMethods(Invoker.java:1231)
	at org.testng.internal.TestMethodWorker.invokeTestMethods(TestMethodWorker.java:127)
	at org.testng.internal.TestMethodWorker.run(TestMethodWorker.java:111)
	at org.testng.TestRunner.privateRun(TestRunner.java:767)
	at org.testng.TestRunner.run(TestRunner.java:617)
	at org.testng.SuiteRunner.runTest(SuiteRunner.java:334)
	at org.testng.SuiteRunner.runSequentially(SuiteRunner.java:329)
	at org.testng.SuiteRunner.privateRun(SuiteRunner.java:291)
	at org.testng.SuiteRunner.run(SuiteRunner.java:240)
	at org.testng.SuiteRunnerWorker.runSuite(SuiteRunnerWorker.java:52)
	at org.testng.SuiteRunnerWorker.run(SuiteRunnerWorker.java:86)
	at org.testng.TestNG.runSuitesSequentially(TestNG.java:1198)
	at org.testng.TestNG.runSuitesLocally(TestNG.java:1123)
	at org.testng.TestNG.run(TestNG.java:1031)
	at org.apache.maven.surefire.testng.TestNGExecutor.run(TestNGExecutor.java:70)
	at org.apache.maven.surefire.testng.TestNGDirectoryTestSuite.executeMulti(TestNGDirectoryTestSuite.java:158)
	at org.apache.maven.surefire.testng.TestNGDirectoryTestSuite.execute(TestNGDirectoryTestSuite.java:98)
	at org.apache.maven.surefire.testng.TestNGProvider.invoke(TestNGProvider.java:111)
	at sun.reflect.NativeMethodAccessorImpl.invoke0(Native Method)
	at sun.reflect.NativeMethodAccessorImpl.invoke(NativeMethodAccessorImpl.java:57)
	at sun.reflect.DelegatingMethodAccessorImpl.invoke(DelegatingMethodAccessorImpl.java:43)
	at java.lang.reflect.Method.invoke(Method.java:606)
	at org.apache.maven.surefire.util.ReflectionUtils.invokeMethodWithArray(ReflectionUtils.java:164)
	at org.apache.maven.surefire.booter.ProviderFactory$ProviderProxy.invoke(ProviderFactory.java:110)
	at org.apache.maven.surefire.booter.SurefireStarter.invokeProvider(SurefireStarter.java:175)
	at org.apache.maven.surefire.booter.SurefireStarter.runSuitesInProcessWhenForked(SurefireStarter.java:107)
	at org.apache.maven.surefire.booter.ForkedBooter.main(ForkedBooter.java:68)
2014-04-12 12:48:21 INFO  cafeLearn:83 -    -----------------------------------------------------------
2014-04-12 12:48:21 INFO  cafeLearn:84 -    Action is        :com.thoughtworks.selenium.SeleniumException: ERROR: Command timed out
2014-04-12 12:48:21 INFO  cafeLearn:85 -    Xpath is         :
2014-04-12 12:48:21 INFO  cafeLearn:86 -    Expected Data is :
2014-04-12 13:18:21 INFO  cafeLearn:38 -    _______________________________________________________________________
2014-04-12 13:18:21 INFO  cafeLearn:39 -    Running Test:Admin_Course(firefox) on driver: browser:firefox
2014-04-12 13:18:21 INFO  cafeLearn:46 -    Step: SetUrl 
Action: 
Xpath:http://54.83.39.177/admin 
Data:
2014-04-12 13:18:21 INFO  cafeLearn:46 -    SetUrl:http://54.83.39.177/admin
2014-04-12 13:18:21 INFO  cafeLearn:91 -    Test Site:http://54.83.39.177/admin
2014-04-12 13:18:21 INFO  cafeLearn:38 -    _______________________________________________________________________
2014-04-12 13:18:21 INFO  cafeLearn:39 -    Running Test:Admin_User(firefox) on driver: browser:firefox
2014-04-12 13:18:21 INFO  cafeLearn:46 -    Step: SetUrl 
Action: 
Xpath:http://54.83.39.177/admin 
Data:
2014-04-12 13:18:21 INFO  cafeLearn:46 -    SetUrl:http://54.83.39.177/admin
2014-04-12 13:18:21 INFO  cafeLearn:91 -    Test Site:http://54.83.39.177/admin
2014-04-12 13:18:21 INFO  TestReporter:41 -    Calling TestReporter
